This is pdfTeX, Version 3.1415926-2.5-1.40.14 (MiKTeX 2.9) (preloaded format=pdftex 2015.8.16)  16 AUG 2015 22:27
entering extended mode
**C:/Users/fifiu_000/OneDrive/Downloads/UCI*HAR*Dataset/README.md
("C:/Users/fifiu_000/OneDrive/Downloads/UCI HAR Dataset/README.md"
C:/Users/fifiu_000/OneDrive/Downloads/UCI HAR Dataset/README.md:3: Missing $ in
serted
I've inserted a begin-math/end-math symbol since I think
you left one out. Proceed, with fingers crossed.


C:/Users/fifiu_000/OneDrive/Downloads/UCI HAR Dataset/README.md:5: Missing $ in
serted
I've inserted a begin-math/end-math symbol since I think
you left one out. Proceed, with fingers crossed.


C:/Users/fifiu_000/OneDrive/Downloads/UCI HAR Dataset/README.md:23: You can't u
se `macro parameter character #' in horizontal mode
Sorry, but I'm not programmed to handle this case;
I'll just pretend that you didn't ask for it.
If you're in the wrong mode, you might be able to
return to the right one by typing `I}' or `I$' or `I\par'.


C:/Users/fifiu_000/OneDrive/Downloads/UCI HAR Dataset/README.md:23: You can't u
se `macro parameter character #' in horizontal mode
Sorry, but I'm not programmed to handle this case;
I'll just pretend that you didn't ask for it.
If you're in the wrong mode, you might be able to
return to the right one by typing `I}' or `I$' or `I\par'.


C:/Users/fifiu_000/OneDrive/Downloads/UCI HAR Dataset/README.md:24: You can't u
se `macro parameter character #' in horizontal mode
Sorry, but I'm not programmed to handle this case;
I'll just pretend that you didn't ask for it.
If you're in the wrong mode, you might be able to
return to the right one by typing `I}' or `I$' or `I\par'.


C:/Users/fifiu_000/OneDrive/Downloads/UCI HAR Dataset/README.md:24: You can't u
se `macro parameter character #' in horizontal mode
Sorry, but I'm not programmed to handle this case;
I'll just pretend that you didn't ask for it.
If you're in the wrong mode, you might be able to
return to the right one by typing `I}' or `I$' or `I\par'.


C:/Users/fifiu_000/OneDrive/Downloads/UCI HAR Dataset/README.md:25: You can't u
se `macro parameter character #' in horizontal mode
Sorry, but I'm not programmed to handle this case;
I'll just pretend that you didn't ask for it.
If you're in the wrong mode, you might be able to
return to the right one by typing `I}' or `I$' or `I\par'.


C:/Users/fifiu_000/OneDrive/Downloads/UCI HAR Dataset/README.md:25: You can't u
se `macro parameter character #' in horizontal mode
Sorry, but I'm not programmed to handle this case;
I'll just pretend that you didn't ask for it.
If you're in the wrong mode, you might be able to
return to the right one by typing `I}' or `I$' or `I\par'.


C:/Users/fifiu_000/OneDrive/Downloads/UCI HAR Dataset/README.md:26: You can't u
se `macro parameter character #' in horizontal mode
Sorry, but I'm not programmed to handle this case;
I'll just pretend that you didn't ask for it.
If you're in the wrong mode, you might be able to
return to the right one by typing `I}' or `I$' or `I\par'.


C:/Users/fifiu_000/OneDrive/Downloads/UCI HAR Dataset/README.md:26: You can't u
se `macro parameter character #' in horizontal mode
Sorry, but I'm not programmed to handle this case;
I'll just pretend that you didn't ask for it.
If you're in the wrong mode, you might be able to
return to the right one by typing `I}' or `I$' or `I\par'.


C:/Users/fifiu_000/OneDrive/Downloads/UCI HAR Dataset/README.md:27: You can't u
se `macro parameter character #' in horizontal mode
Sorry, but I'm not programmed to handle this case;
I'll just pretend that you didn't ask for it.
If you're in the wrong mode, you might be able to
return to the right one by typing `I}' or `I$' or `I\par'.


C:/Users/fifiu_000/OneDrive/Downloads/UCI HAR Dataset/README.md:27: You can't u
se `macro parameter character #' in horizontal mode
Sorry, but I'm not programmed to handle this case;
I'll just pretend that you didn't ask for it.
If you're in the wrong mode, you might be able to
return to the right one by typing `I}' or `I$' or `I\par'.


C:/Users/fifiu_000/OneDrive/Downloads/UCI HAR Dataset/README.md:28: You can't u
se `macro parameter character #' in horizontal mode
Sorry, but I'm not programmed to handle this case;
I'll just pretend that you didn't ask for it.
If you're in the wrong mode, you might be able to
return to the right one by typing `I}' or `I$' or `I\par'.


C:/Users/fifiu_000/OneDrive/Downloads/UCI HAR Dataset/README.md:28: You can't u
se `macro parameter character #' in horizontal mode
Sorry, but I'm not programmed to handle this case;
I'll just pretend that you didn't ask for it.
If you're in the wrong mode, you might be able to
return to the right one by typing `I}' or `I$' or `I\par'.


C:/Users/fifiu_000/OneDrive/Downloads/UCI HAR Dataset/README.md:29: You can't u
se `macro parameter character #' in horizontal mode
Sorry, but I'm not programmed to handle this case;
I'll just pretend that you didn't ask for it.
If you're in the wrong mode, you might be able to
return to the right one by typing `I}' or `I$' or `I\par'.


C:/Users/fifiu_000/OneDrive/Downloads/UCI HAR Dataset/README.md:29: You can't u
se `macro parameter character #' in horizontal mode
Sorry, but I'm not programmed to handle this case;
I'll just pretend that you didn't ask for it.
If you're in the wrong mode, you might be able to
return to the right one by typing `I}' or `I$' or `I\par'.


C:/Users/fifiu_000/OneDrive/Downloads/UCI HAR Dataset/README.md:30: You can't u
se `macro parameter character #' in horizontal mode
Sorry, but I'm not programmed to handle this case;
I'll just pretend that you didn't ask for it.
If you're in the wrong mode, you might be able to
return to the right one by typing `I}' or `I$' or `I\par'.


C:/Users/fifiu_000/OneDrive/Downloads/UCI HAR Dataset/README.md:30: You can't u
se `macro parameter character #' in horizontal mode
Sorry, but I'm not programmed to handle this case;
I'll just pretend that you didn't ask for it.
If you're in the wrong mode, you might be able to
return to the right one by typing `I}' or `I$' or `I\par'.


C:/Users/fifiu_000/OneDrive/Downloads/UCI HAR Dataset/README.md:31: You can't u
se `macro parameter character #' in horizontal mode
Sorry, but I'm not programmed to handle this case;
I'll just pretend that you didn't ask for it.
If you're in the wrong mode, you might be able to
return to the right one by typing `I}' or `I$' or `I\par'.


C:/Users/fifiu_000/OneDrive/Downloads/UCI HAR Dataset/README.md:31: You can't u
se `macro parameter character #' in horizontal mode
Sorry, but I'm not programmed to handle this case;
I'll just pretend that you didn't ask for it.
If you're in the wrong mode, you might be able to
return to the right one by typing `I}' or `I$' or `I\par'.


C:/Users/fifiu_000/OneDrive/Downloads/UCI HAR Dataset/README.md:32: You can't u
se `macro parameter character #' in horizontal mode
Sorry, but I'm not programmed to handle this case;
I'll just pretend that you didn't ask for it.
If you're in the wrong mode, you might be able to
return to the right one by typing `I}' or `I$' or `I\par'.


C:/Users/fifiu_000/OneDrive/Downloads/UCI HAR Dataset/README.md:32: You can't u
se `macro parameter character #' in horizontal mode
Sorry, but I'm not programmed to handle this case;
I'll just pretend that you didn't ask for it.
If you're in the wrong mode, you might be able to
return to the right one by typing `I}' or `I$' or `I\par'.


C:/Users/fifiu_000/OneDrive/Downloads/UCI HAR Dataset/README.md:33: You can't u
se `macro parameter character #' in horizontal mode
Sorry, but I'm not programmed to handle this case;
I'll just pretend that you didn't ask for it.
If you're in the wrong mode, you might be able to
return to the right one by typing `I}' or `I$' or `I\par'.


C:/Users/fifiu_000/OneDrive/Downloads/UCI HAR Dataset/README.md:33: You can't u
se `macro parameter character #' in horizontal mode
Sorry, but I'm not programmed to handle this case;
I'll just pretend that you didn't ask for it.
If you're in the wrong mode, you might be able to
return to the right one by typing `I}' or `I$' or `I\par'.


C:/Users/fifiu_000/OneDrive/Downloads/UCI HAR Dataset/README.md:34: You can't u
se `macro parameter character #' in horizontal mode
Sorry, but I'm not programmed to handle this case;
I'll just pretend that you didn't ask for it.
If you're in the wrong mode, you might be able to
return to the right one by typing `I}' or `I$' or `I\par'.


C:/Users/fifiu_000/OneDrive/Downloads/UCI HAR Dataset/README.md:34: You can't u
se `macro parameter character #' in horizontal mode
Sorry, but I'm not programmed to handle this case;
I'll just pretend that you didn't ask for it.
If you're in the wrong mode, you might be able to
return to the right one by typing `I}' or `I$' or `I\par'.


C:/Users/fifiu_000/OneDrive/Downloads/UCI HAR Dataset/README.md:35: You can't u
se `macro parameter character #' in horizontal mode
Sorry, but I'm not programmed to handle this case;
I'll just pretend that you didn't ask for it.
If you're in the wrong mode, you might be able to
return to the right one by typing `I}' or `I$' or `I\par'.


C:/Users/fifiu_000/OneDrive/Downloads/UCI HAR Dataset/README.md:35: You can't u
se `macro parameter character #' in horizontal mode
Sorry, but I'm not programmed to handle this case;
I'll just pretend that you didn't ask for it.
If you're in the wrong mode, you might be able to
return to the right one by typing `I}' or `I$' or `I\par'.

)
! Emergency stop
*** (job aborted, no legal \end found)

!  ==> Fatal error occurred, no output PDF file produced!
